#
# A fatal error has been detected by the Java Runtime Environment:
#
#  EXCEPTION_ACCESS_VIOLATION (0xc0000005) at pc=0x00007ffa71ce3779, pid=16216, tid=22076
#
# JRE version: OpenJDK Runtime Environment Zulu17.44+15-CA (17.0.8+7) (build 17.0.8+7-LTS)
# Java VM: OpenJDK 64-Bit Server VM Zulu17.44+15-CA (17.0.8+7-LTS, mixed mode, sharing, tiered, compressed oops, compressed class ptrs, g1 gc, windows-amd64)
# Problematic frame:
# V  [jvm.dll+0x243779]
#
# No core dump will be written. Minidumps are not enabled by default on client versions of Windows
#
# If you would like to submit a bug report, please visit:
#   http://www.azul.com/support/
#

---------------  S U M M A R Y ------------

Command Line: -XX:+ShowCodeDetailsInExceptionMessages -agentlib:jdwp=transport=dt_socket,suspend=y,address=localhost:63630 -javaagent:C:\Users\a879950\eclipse\jee-2023-06\eclipse\configuration\org.eclipse.osgi\430\0\.cp\lib\javaagent-shaded.jar -Dfile.encoding=UTF-8 net.atos.acelera.todo.SpringBootTodoListApplication

Host: 11th Gen Intel(R) Core(TM) i5-1135G7 @ 2.40GHz, 8 cores, 15G,  Windows 11 , 64 bit Build 22621 (10.0.22621.3085)
Time: Tue Feb 27 15:21:44 2024 Hora oficial do Brasil elapsed time: 244.507019 seconds (0d 0h 4m 4s)

---------------  T H R E A D  ---------------

Current thread (0x00000145f3213880):  VMThread "VM Thread" [stack: 0x00000032fa400000,0x00000032fa500000] [id=22076]

Stack: [0x00000032fa400000,0x00000032fa500000],  sp=0x00000032fa4ff080,  free space=1020k
Native frames: (J=compiled Java code, j=interpreted, Vv=VM code, C=native code)
V  [jvm.dll+0x243779]
V  [jvm.dll+0x633173]
V  [jvm.dll+0x633b31]
V  [jvm.dll+0x5320f7]
V  [jvm.dll+0x535cd8]
V  [jvm.dll+0x533acb]
V  [jvm.dll+0x84215b]
V  [jvm.dll+0x842e94]
V  [jvm.dll+0x8433ad]
V  [jvm.dll+0x843784]
V  [jvm.dll+0x843850]
V  [jvm.dll+0x7ebf6a]
V  [jvm.dll+0x67ce65]
C  [ucrtbase.dll+0x29363]
C  [KERNEL32.DLL+0x1257d]
C  [ntdll.dll+0x5aa58]


siginfo: EXCEPTION_ACCESS_VIOLATION (0xc0000005), reading address 0x00000145f7c52c48


Register to memory mapping:

RIP=0x00007ffa71ce3779 jvm.dll
RAX=0x0000000000200000 is an unknown value
RBX=0x00000145f7a50d58 is pointing into metadata
RCX=0x00000145f7a52c48 is pointing into metadata
RDX=0x000000000000ffff is an unknown value
RSP=0x00000032fa4ff080 points into unknown readable memory: 0x00000145d87c6b90 | 90 6b 7c d8 45 01 00 00
RBP=0x00000145f7a50d58 is pointing into metadata
RSI=0x000000000000ffff is an unknown value
RDI=0x000000000000ffff is an unknown value
R8 ={method} {0x00000145f7a51db0} 'lambda$1' '()Lorg/springframework/http/ResponseEntity;' in 'net/atos/acelera/todo/controller/TaskController'
R9 =0x00000032fa4ff160 points into unknown readable memory: 0x00000145f7a51da8 | a8 1d a5 f7 45 01 00 00
R10=0x00000145f3213010 points into unknown readable memory: 0x0000001e00000002 | 02 00 00 00 1e 00 00 00
R11={method} {0x00000145f7a51db0} 'lambda$1' '()Lorg/springframework/http/ResponseEntity;' in 'net/atos/acelera/todo/controller/TaskController'
R12=0x00000145f50448e8 is pointing into metadata
R13=0x00007ffa71aa0000 jvm.dll
R14=0x00000032fa4ff190 points into unknown readable memory: 0x00000145f50459b0 | b0 59 04 f5 45 01 00 00
R15=0x00000145f7a50d58 is pointing into metadata


Registers:
RAX=0x0000000000200000, RBX=0x00000145f7a50d58, RCX=0x00000145f7a52c48, RDX=0x000000000000ffff
RSP=0x00000032fa4ff080, RBP=0x00000145f7a50d58, RSI=0x000000000000ffff, RDI=0x000000000000ffff
R8 =0x00000145f7a51da8, R9 =0x00000032fa4ff160, R10=0x00000145f3213010, R11=0x00000145f7a51da8
R12=0x00000145f50448e8, R13=0x00007ffa71aa0000, R14=0x00000032fa4ff190, R15=0x00000145f7a50d58
RIP=0x00007ffa71ce3779, EFLAGS=0x0000000000010206

Top of Stack: (sp=0x00000032fa4ff080)
0x00000032fa4ff080:   00000145d87c6b90 00000145f320b2a0
0x00000032fa4ff090:   00000032fa4ff190 0000000000000012
0x00000032fa4ff0a0:   0000000000000010 00007ffa720d3173
0x00000032fa4ff0b0:   00000000000000b2 00007ffa71df0d34
0x00000032fa4ff0c0:   00000032fa4ff160 0000000000000008
0x00000032fa4ff0d0:   00000145f50455e9 00000000000000e6
0x00000032fa4ff0e0:   00000032fa4ff160 00007ffa71bc826e
0x00000032fa4ff0f0:   00000145f7a51da8 00000145f7a51a30
0x00000032fa4ff100:   00000145f7a50d58 00000145f7a51d9c
0x00000032fa4ff110:   00000000000000b2 00007ffa720d3b31
0x00000032fa4ff120:   00000000000000b2 00000032fa4ff199
0x00000032fa4ff130:   00000000000000b2 0000000000000008
0x00000032fa4ff140:   00000145f50448e8 00000145f7a50d58
0x00000032fa4ff150:   00000145f7a51da8 00000145f3213880
0x00000032fa4ff160:   00000145f7a51da8 00000145f3213880
0x00000032fa4ff170:   0000000700000004 000000b20000000b 

Instructions: (pc=0x00007ffa71ce3779)
0x00007ffa71ce3679:   cc cc cc cc cc cc cc 48 89 5c 24 10 48 89 74 24
0x00007ffa71ce3689:   18 57 48 83 ec 30 48 63 da 49 8b f0 48 8b f9 85
0x00007ffa71ce3699:   d2 79 24 4c 8d 0d 7d 85 70 00 ba b4 02 00 00 4c
0x00007ffa71ce36a9:   8d 05 a9 85 70 00 48 8d 0d 22 85 70 00 e8 75 79
0x00007ffa71ce36b9:   00 00 e8 70 a4 43 00 48 8b 4f 10 48 85 c9 74 0f
0x00007ffa71ce36c9:   48 8d 43 01 48 c1 e0 05 48 8b 04 08 0f b7 d8 48
0x00007ffa71ce36d9:   63 c3 48 8d 54 24 40 48 89 7c 24 20 48 89 74 24
0x00007ffa71ce36e9:   28 48 8b 8e 50 02 00 00 8b 5c c7 48 48 89 7c 24
0x00007ffa71ce36f9:   40 e8 61 73 dc ff 0f b7 d3 48 8d 4c 24 20 4c 8b
0x00007ffa71ce3709:   c6 e8 f1 fb ff ff 48 8d 4c 24 20 48 8b d8 e8 a4
0x00007ffa71ce3719:   d6 10 00 48 8b 74 24 50 48 8b c3 48 8b 5c 24 48
0x00007ffa71ce3729:   48 83 c4 30 5f c3 cc 48 89 5c 24 08 57 48 83 ec
0x00007ffa71ce3739:   20 48 63 fa 48 8b d9 85 d2 79 24 4c 8d 0d d5 84
0x00007ffa71ce3749:   70 00 ba b4 02 00 00 4c 8d 05 01 85 70 00 48 8d
0x00007ffa71ce3759:   0d 7a 84 70 00 e8 cd 78 00 00 e8 c8 a3 43 00 48
0x00007ffa71ce3769:   8b 4b 10 48 85 c9 74 0f 48 8d 47 01 48 c1 e0 05
0x00007ffa71ce3779:   48 8b 04 08 0f b7 f8 48 63 c7 0f b7 4c c3 48 0f
0x00007ffa71ce3789:   b7 44 cb 4a 48 8b 44 c3 48 48 8b 5c 24 30 48 83
0x00007ffa71ce3799:   c4 20 5f c3 cc cc cc 4c 8b 41 20 4d 8b 00 e9 64
0x00007ffa71ce37a9:   02 00 00 cc cc cc cc 48 8b 49 20 48 8b 09 e9 24
0x00007ffa71ce37b9:   59 00 00 cc cc cc cc 48 89 5c 24 18 56 57 41 56
0x00007ffa71ce37c9:   48 83 ec 20 48 83 3d 2b 61 93 00 00 4c 8b f2 48
0x00007ffa71ce37d9:   8b f9 74 0f 48 8b d1 48 8d 0d c9 83 70 00 e8 84
0x00007ffa71ce37e9:   3d e6 ff 45 33 c0 41 8d 50 17 8d 4a 11 e8 95 32
0x00007ffa71ce37f9:   e6 ff 33 db 48 85 c0 74 22 48 8d 4f 08 89 58 08
0x00007ffa71ce3809:   48 89 48 20 48 8d 0d ec 72 6d 00 48 89 08 88 58
0x00007ffa71ce3819:   0c 48 89 58 10 48 89 58 18 eb 03 48 8b c3 48 8b
0x00007ffa71ce3829:   d0 49 8b ce e8 4e 20 3e 00 45 33 c0 41 8d 50 17
0x00007ffa71ce3839:   8d 4a 11 e8 4f 32 e6 ff 48 85 c0 74 27 48 8d 0d
0x00007ffa71ce3849:   93 88 70 00 c7 40 08 02 00 00 00 48 89 08 48 8d
0x00007ffa71ce3859:   4f 10 48 89 48 20 c6 40 0c 00 48 89 58 10 48 89
0x00007ffa71ce3869:   58 18 eb 03 48 8b c3 48 8b d0 49 8b ce e8 05 20 


Stack slot to memory mapping:
stack at sp + 0 slots: 0x00000145d87c6b90 is at entry_point+-1136 in (nmethod*)0x00000145d87c6b90
stack at sp + 1 slots: 0x00000145f320b2a0 points into unknown readable memory: 0x0000000000000000 | 00 00 00 00 00 00 00 00
stack at sp + 2 slots: 0x00000032fa4ff190 points into unknown readable memory: 0x00000145f50459b0 | b0 59 04 f5 45 01 00 00
stack at sp + 3 slots: 0x0000000000000012 is an unknown value
stack at sp + 4 slots: 0x0000000000000010 is an unknown value
stack at sp + 5 slots: 0x00007ffa720d3173 jvm.dll
stack at sp + 6 slots: 0x00000000000000b2 is an unknown value
stack at sp + 7 slots: 0x00007ffa71df0d34 jvm.dll

VM_Operation (0x00000032fb0ff690): RedefineClasses, mode: safepoint, requested by thread 0x00000145f3b134d0, redefining class net.atos.acelera.todo.controller.TaskController



---------------  P R O C E S S  ---------------

Threads class SMR info:
_java_thread_list=0x00000145f9c8a950, length=31, elements={
0x00000145f3218240, 0x00000145f3218d10, 0x00000145f3228c00, 0x00000145f32296d0,
0x00000145f322e4c0, 0x00000145f323c2b0, 0x00000145f323d370, 0x00000145f323ed40,
0x00000145f3247e20, 0x00000145f3a31080, 0x00000145f3b134d0, 0x00000145f3b02110,
0x00000145f3b02610, 0x00000145f3a2e800, 0x00000145f3a2d8d0, 0x00000145f3a30150,
0x00000145f3a2ed10, 0x00000145f3a30b70, 0x00000145f95caa80, 0x00000145f95cf160,
0x00000145f95ca570, 0x00000145f95cf670, 0x00000145f95d0ab0, 0x00000145f95cec50,
0x00000145f95ccdf0, 0x00000145f95cd810, 0x00000145f95d05a0, 0x00000145f95d0090,
0x00000145f95cd300, 0x00000145f95ce740, 0x00000145f95d19e0
}

Java Threads: ( => current thread )
  0x00000145f3218240 JavaThread "Reference Handler" daemon [_thread_blocked, id=10040, stack(0x00000032fa500000,0x00000032fa600000)]
  0x00000145f3218d10 JavaThread "Finalizer" daemon [_thread_blocked, id=19256, stack(0x00000032fa600000,0x00000032fa700000)]
  0x00000145f3228c00 JavaThread "Signal Dispatcher" daemon [_thread_blocked, id=21380, stack(0x00000032fa700000,0x00000032fa800000)]
  0x00000145f32296d0 JavaThread "Attach Listener" daemon [_thread_blocked, id=15756, stack(0x00000032fa800000,0x00000032fa900000)]
  0x00000145f322e4c0 JavaThread "Service Thread" daemon [_thread_blocked, id=21468, stack(0x00000032fa900000,0x00000032faa00000)]
  0x00000145f323c2b0 JavaThread "Monitor Deflation Thread" daemon [_thread_blocked, id=14112, stack(0x00000032faa00000,0x00000032fab00000)]
  0x00000145f323d370 JavaThread "C2 CompilerThread0" daemon [_thread_blocked, id=9344, stack(0x00000032fab00000,0x00000032fac00000)]
  0x00000145f323ed40 JavaThread "C1 CompilerThread0" daemon [_thread_blocked, id=4152, stack(0x00000032fac00000,0x00000032fad00000)]
  0x00000145f3247e20 JavaThread "Sweeper thread" daemon [_thread_blocked, id=21364, stack(0x00000032fad00000,0x00000032fae00000)]
  0x00000145f3a31080 JavaThread "Common-Cleaner" daemon [_thread_blocked, id=20896, stack(0x00000032fae00000,0x00000032faf00000)]
  0x00000145f3b134d0 JavaThread "JDWP Transport Listener: dt_socket" daemon [_thread_blocked, id=4552, stack(0x00000032fb000000,0x00000032fb100000)]
  0x00000145f3b02110 JavaThread "JDWP Event Helper Thread" daemon [_thread_blocked, id=18940, stack(0x00000032fb100000,0x00000032fb200000)]
  0x00000145f3b02610 JavaThread "JDWP Command Reader" daemon [_thread_in_native, id=20276, stack(0x00000032fb200000,0x00000032fb300000)]
  0x00000145f3a2e800 JavaThread "Notification Thread" daemon [_thread_blocked, id=2396, stack(0x00000032fb400000,0x00000032fb500000)]
  0x00000145f3a2d8d0 JavaThread "Catalina-utility-1" [_thread_blocked, id=19616, stack(0x00000032fbe00000,0x00000032fbf00000)]
  0x00000145f3a30150 JavaThread "Catalina-utility-2" [_thread_blocked, id=20932, stack(0x00000032fbf00000,0x00000032fc000000)]
  0x00000145f3a2ed10 JavaThread "container-0" [_thread_blocked, id=14916, stack(0x00000032fc000000,0x00000032fc100000)]
  0x00000145f3a30b70 JavaThread "HikariPool-1 housekeeper" daemon [_thread_blocked, id=4088, stack(0x00000032fc100000,0x00000032fc200000)]
  0x00000145f95caa80 JavaThread "http-nio-8080-exec-1" daemon [_thread_blocked, id=21892, stack(0x00000032fc300000,0x00000032fc400000)]
  0x00000145f95cf160 JavaThread "http-nio-8080-exec-2" daemon [_thread_blocked, id=16280, stack(0x00000032fc400000,0x00000032fc500000)]
  0x00000145f95ca570 JavaThread "http-nio-8080-exec-3" daemon [_thread_blocked, id=2408, stack(0x00000032fc500000,0x00000032fc600000)]
  0x00000145f95cf670 JavaThread "http-nio-8080-exec-4" daemon [_thread_blocked, id=17528, stack(0x00000032fc600000,0x00000032fc700000)]
  0x00000145f95d0ab0 JavaThread "http-nio-8080-exec-5" daemon [_thread_blocked, id=12904, stack(0x00000032fc700000,0x00000032fc800000)]
  0x00000145f95cec50 JavaThread "http-nio-8080-exec-6" daemon [_thread_blocked, id=8392, stack(0x00000032fc800000,0x00000032fc900000)]
  0x00000145f95ccdf0 JavaThread "http-nio-8080-exec-7" daemon [_thread_blocked, id=18312, stack(0x00000032fc900000,0x00000032fca00000)]
  0x00000145f95cd810 JavaThread "http-nio-8080-exec-8" daemon [_thread_blocked, id=19952, stack(0x00000032fca00000,0x00000032fcb00000)]
  0x00000145f95d05a0 JavaThread "http-nio-8080-exec-9" daemon [_thread_blocked, id=8260, stack(0x00000032fcb00000,0x00000032fcc00000)]
  0x00000145f95d0090 JavaThread "http-nio-8080-exec-10" daemon [_thread_blocked, id=12396, stack(0x00000032fcc00000,0x00000032fcd00000)]
  0x00000145f95cd300 JavaThread "http-nio-8080-Poller" daemon [_thread_in_native, id=17180, stack(0x00000032fcd00000,0x00000032fce00000)]
  0x00000145f95ce740 JavaThread "http-nio-8080-Acceptor" daemon [_thread_in_native, id=9004, stack(0x00000032fce00000,0x00000032fcf00000)]
  0x00000145f95d19e0 JavaThread "DestroyJavaVM" [_thread_blocked, id=13832, stack(0x00000032f9e00000,0x00000032f9f00000)]

Other Threads:
=>0x00000145f3213880 VMThread "VM Thread" [stack: 0x00000032fa400000,0x00000032fa500000] [id=22076]
  0x00000145cff1a6a0 WatcherThread [stack: 0x00000032fb500000,0x00000032fb600000] [id=1472]
  0x00000145cff82780 GCTaskThread "GC Thread#0" [stack: 0x00000032f9f00000,0x00000032fa000000] [id=2568]
  0x00000145f88f7540 GCTaskThread "GC Thread#1" [stack: 0x00000032fb600000,0x00000032fb700000] [id=8784]
  0x00000145f87a5190 GCTaskThread "GC Thread#2" [stack: 0x00000032fb700000,0x00000032fb800000] [id=15460]
  0x00000145f87a5450 GCTaskThread "GC Thread#3" [stack: 0x00000032fb800000,0x00000032fb900000] [id=4388]
  0x00000145f87a5b20 GCTaskThread "GC Thread#4" [stack: 0x00000032fb900000,0x00000032fba00000] [id=16700]
  0x00000145f8636d00 GCTaskThread "GC Thread#5" [stack: 0x00000032fba00000,0x00000032fbb00000] [id=2592]
  0x00000145f877edf0 GCTaskThread "GC Thread#6" [stack: 0x00000032fbb00000,0x00000032fbc00000] [id=18608]
  0x00000145f87fec70 GCTaskThread "GC Thread#7" [stack: 0x00000032fbc00000,0x00000032fbd00000] [id=8908]
  0x00000145cff93130 ConcurrentGCThread "G1 Main Marker" [stack: 0x00000032fa000000,0x00000032fa100000] [id=23068]
  0x00000145cff93a60 ConcurrentGCThread "G1 Conc#0" [stack: 0x00000032fa100000,0x00000032fa200000] [id=8772]
  0x00000145fd46d260 ConcurrentGCThread "G1 Conc#1" [stack: 0x00000032fbd00000,0x00000032fbe00000] [id=22760]
  0x00000145f314fe50 ConcurrentGCThread "G1 Refine#0" [stack: 0x00000032fa200000,0x00000032fa300000] [id=7312]
  0x00000145f3150790 ConcurrentGCThread "G1 Service" [stack: 0x00000032fa300000,0x00000032fa400000] [id=2484]

Threads with active compile tasks:

VM state: at safepoint (normal execution)

VM Mutex/Monitor currently owned by a thread:  ([mutex/lock_event])
[0x00000145cff136c0] Threads_lock - owner thread: 0x00000145f3213880

Heap address: 0x0000000704a00000, size: 4022 MB, Compressed Oops mode: Zero based, Oop shift amount: 3

CDS archive(s) mapped at: [0x0000014580000000-0x0000014580c00000-0x0000014580c00000), size 12582912, SharedBaseAddress: 0x0000014580000000, ArchiveRelocationMode: 1.
Compressed class space mapped at: 0x0000014581000000-0x00000145c1000000, reserved size: 1073741824
Narrow klass base: 0x0000014580000000, Narrow klass shift: 0, Narrow klass range: 0x100000000

GC Precious Log:
 CPUs: 8 total, 8 available
 Memory: 16082M
 Large Page Support: Disabled
 NUMA Support: Disabled
 Compressed Oops: Enabled (Zero based)
 Heap Region Size: 2M
 Heap Min Capacity: 8M
 Heap Initial Capacity: 252M
 Heap Max Capacity: 4022M
 Pre-touch: Disabled
 Parallel Workers: 8
 Concurrent Workers: 2
 Concurrent Refinement Workers: 8
 Periodic GC: Disabled

Heap:
 garbage-first heap   total 96256K, used 72137K [0x0000000704a00000, 0x0000000800000000)
  region size 2048K, 27 young (55296K), 3 survivors (6144K)
 Metaspace       used 68583K, committed 69120K, reserved 1114112K
  class space    used 9100K, committed 9344K, reserved 1048576K

Heap Regions: E=young(eden), S=young(survivor), O=old, HS=humongous(starts), HC=humongous(continues), CS=collection set, F=free, OA=open archive, CA=closed archive, TAMS=top-at-mark-start (previous, next)
|   0|0x0000000704a00000, 0x0000000704c00000, 0x0000000704c00000|100%| O|  |TAMS 0x0000000704c00000, 0x0000000704a00000| Untracked 
|   1|0x0000000704c00000, 0x0000000704e00000, 0x0000000704e00000|100%| O|  |TAMS 0x0000000704e00000, 0x0000000704c00000| Untracked 
|   2|0x0000000704e00000, 0x0000000705000000, 0x0000000705000000|100%| O|  |TAMS 0x0000000705000000, 0x0000000704e00000| Untracked 
|   3|0x0000000705000000, 0x0000000705200000, 0x0000000705200000|100%| O|  |TAMS 0x0000000705200000, 0x0000000705000000| Untracked 
|   4|0x0000000705200000, 0x0000000705400000, 0x0000000705400000|100%| O|  |TAMS 0x0000000705400000, 0x0000000705200000| Untracked 
|   5|0x0000000705400000, 0x0000000705600000, 0x0000000705600000|100%| O|  |TAMS 0x0000000705600000, 0x0000000705400000| Untracked 
|   6|0x0000000705600000, 0x0000000705800000, 0x0000000705800000|100%| O|  |TAMS 0x0000000705800000, 0x0000000705600000| Untracked 
|   7|0x0000000705800000, 0x00000007058bcc00, 0x0000000705a00000| 36%| O|  |TAMS 0x0000000705800000, 0x0000000705800000| Untracked 
|   8|0x0000000705a00000, 0x0000000705c00000, 0x0000000705c00000|100%| O|  |TAMS 0x0000000705c00000, 0x0000000705a00000| Untracked 
|   9|0x0000000705c00000, 0x0000000705c00000, 0x0000000705e00000|  0%| F|  |TAMS 0x0000000705c00000, 0x0000000705c00000| Untracked 
|  10|0x0000000705e00000, 0x0000000705e00000, 0x0000000706000000|  0%| F|  |TAMS 0x0000000705e00000, 0x0000000705e00000| Untracked 
|  11|0x0000000706000000, 0x0000000706000000, 0x0000000706200000|  0%| F|  |TAMS 0x0000000706000000, 0x0000000706000000| Untracked 
|  12|0x0000000706200000, 0x00000007063fb800, 0x0000000706400000| 99%| O|  |TAMS 0x00000007063fb800, 0x0000000706200000| Untracked 
|  13|0x0000000706400000, 0x0000000706400000, 0x0000000706600000|  0%| F|  |TAMS 0x0000000706400000, 0x0000000706400000| Untracked 
|  14|0x0000000706600000, 0x0000000706600000, 0x0000000706800000|  0%| F|  |TAMS 0x0000000706600000, 0x0000000706600000| Untracked 
|  15|0x0000000706800000, 0x0000000706800000, 0x0000000706a00000|  0%| F|  |TAMS 0x0000000706800000, 0x0000000706800000| Untracked 
|  16|0x0000000706a00000, 0x0000000706bba310, 0x0000000706c00000| 86%| S|CS|TAMS 0x0000000706a00000, 0x0000000706a00000| Complete 
|  17|0x0000000706c00000, 0x0000000706e00000, 0x0000000706e00000|100%| S|CS|TAMS 0x0000000706c00000, 0x0000000706c00000| Complete 
|  18|0x0000000706e00000, 0x0000000707000000, 0x0000000707000000|100%| S|CS|TAMS 0x0000000706e00000, 0x0000000706e00000| Complete 
|  19|0x0000000707000000, 0x0000000707000000, 0x0000000707200000|  0%| F|  |TAMS 0x0000000707000000, 0x0000000707000000| Untracked 
|  20|0x0000000707200000, 0x0000000707200000, 0x0000000707400000|  0%| F|  |TAMS 0x0000000707200000, 0x0000000707200000| Untracked 
|  21|0x0000000707400000, 0x0000000707400000, 0x0000000707600000|  0%| F|  |TAMS 0x0000000707400000, 0x0000000707400000| Untracked 
|  22|0x0000000707600000, 0x0000000707600000, 0x0000000707800000|  0%| F|  |TAMS 0x0000000707600000, 0x0000000707600000| Untracked 
|  23|0x0000000707800000, 0x00000007079ef7c8, 0x0000000707a00000| 96%| E|  |TAMS 0x0000000707800000, 0x0000000707800000| Complete 
|  24|0x0000000707a00000, 0x0000000707c00000, 0x0000000707c00000|100%| E|CS|TAMS 0x0000000707a00000, 0x0000000707a00000| Complete 
|  25|0x0000000707c00000, 0x0000000707e00000, 0x0000000707e00000|100%| E|CS|TAMS 0x0000000707c00000, 0x0000000707c00000| Complete 
|  26|0x0000000707e00000, 0x0000000708000000, 0x0000000708000000|100%| E|CS|TAMS 0x0000000707e00000, 0x0000000707e00000| Complete 
|  27|0x0000000708000000, 0x0000000708200000, 0x0000000708200000|100%| E|CS|TAMS 0x0000000708000000, 0x0000000708000000| Complete 
|  28|0x0000000708200000, 0x0000000708400000, 0x0000000708400000|100%| E|CS|TAMS 0x0000000708200000, 0x0000000708200000| Complete 
|  29|0x0000000708400000, 0x0000000708600000, 0x0000000708600000|100%| E|CS|TAMS 0x0000000708400000, 0x0000000708400000| Complete 
|  30|0x0000000708600000, 0x0000000708800000, 0x0000000708800000|100%| E|CS|TAMS 0x0000000708600000, 0x0000000708600000| Complete 
|  31|0x0000000708800000, 0x0000000708a00000, 0x0000000708a00000|100%| E|CS|TAMS 0x0000000708800000, 0x0000000708800000| Complete 
|  32|0x0000000708a00000, 0x0000000708c00000, 0x0000000708c00000|100%| E|CS|TAMS 0x0000000708a00000, 0x0000000708a00000| Complete 
|  33|0x0000000708c00000, 0x0000000708e00000, 0x0000000708e00000|100%| E|CS|TAMS 0x0000000708c00000, 0x0000000708c00000| Complete 
|  34|0x0000000708e00000, 0x0000000709000000, 0x0000000709000000|100%| E|CS|TAMS 0x0000000708e00000, 0x0000000708e00000| Complete 
|  35|0x0000000709000000, 0x0000000709200000, 0x0000000709200000|100%| E|CS|TAMS 0x0000000709000000, 0x0000000709000000| Complete 
|  36|0x0000000709200000, 0x0000000709400000, 0x0000000709400000|100%| E|CS|TAMS 0x0000000709200000, 0x0000000709200000| Complete 
|  37|0x0000000709400000, 0x0000000709600000, 0x0000000709600000|100%| E|CS|TAMS 0x0000000709400000, 0x0000000709400000| Complete 
|  38|0x0000000709600000, 0x0000000709800000, 0x0000000709800000|100%| E|CS|TAMS 0x0000000709600000, 0x0000000709600000| Complete 
|  39|0x0000000709800000, 0x0000000709a00000, 0x0000000709a00000|100%| E|CS|TAMS 0x0000000709800000, 0x0000000709800000| Complete 
|  40|0x0000000709a00000, 0x0000000709c00000, 0x0000000709c00000|100%| E|CS|TAMS 0x0000000709a00000, 0x0000000709a00000| Complete 
|  41|0x0000000709c00000, 0x0000000709e00000, 0x0000000709e00000|100%| E|CS|TAMS 0x0000000709c00000, 0x0000000709c00000| Complete 
|  48|0x000000070aa00000, 0x000000070ac00000, 0x000000070ac00000|100%| E|CS|TAMS 0x000000070aa00000, 0x000000070aa00000| Complete 
|  49|0x000000070ac00000, 0x000000070ae00000, 0x000000070ae00000|100%| E|CS|TAMS 0x000000070ac00000, 0x000000070ac00000| Complete 
|  50|0x000000070ae00000, 0x000000070b000000, 0x000000070b000000|100%| E|CS|TAMS 0x000000070ae00000, 0x000000070ae00000| Complete 
|  58|0x000000070be00000, 0x000000070c000000, 0x000000070c000000|100%| E|CS|TAMS 0x000000070be00000, 0x000000070be00000| Complete 
| 125|0x0000000714400000, 0x0000000714600000, 0x0000000714600000|100%| E|CS|TAMS 0x0000000714400000, 0x0000000714400000| Complete 

Card table byte_map: [0x00000145e8050000,0x00000145e8830000] _byte_map_base: 0x00000145e482b000

Marking Bits (Prev, Next): (CMBitMap*) 0x00000145cff82cf0, (CMBitMap*) 0x00000145cff82cb0
 Prev Bits: [0x00000145ecef0000, 0x00000145f0dc8000)
 Next Bits: [0x00000145e9010000, 0x00000145ecee8000)

Polling page: 0x00000145ce6c0000

Metaspace:

Usage:
  Non-class:     58.09 MB used.
      Class:      8.89 MB used.
       Both:     66.98 MB used.

Virtual space:
  Non-class space:       64.00 MB reserved,      58.38 MB ( 91%) committed,  1 nodes.
      Class space:        1.00 GB reserved,       9.12 MB ( <1%) committed,  1 nodes.
             Both:        1.06 GB reserved,      67.50 MB (  6%) committed. 

Chunk freelists:
   Non-Class:  5.67 MB
       Class:  6.91 MB
        Both:  12.58 MB

MaxMetaspaceSize: unlimited
CompressedClassSpaceSize: 1.00 GB
Initial GC threshold: 21.00 MB
Current GC threshold: 98.25 MB
CDS: on
MetaspaceReclaimPolicy: balanced
 - commit_granule_bytes: 65536.
 - commit_granule_words: 8192.
 - virtual_space_node_default_size: 8388608.
 - enlarge_chunks_in_place: 1.
 - new_chunks_are_fully_committed: 0.
 - uncommit_free_chunks: 1.
 - use_allocation_guard: 0.
 - handle_deallocations: 1.


Internal statistics:

num_allocs_failed_limit: 9.
num_arena_births: 696.
num_arena_deaths: 0.
num_vsnodes_births: 2.
num_vsnodes_deaths: 0.
num_space_committed: 1080.
num_space_uncommitted: 0.
num_chunks_returned_to_freelist: 9.
num_chunks_taken_from_freelist: 3086.
num_chunk_merges: 9.
num_chunk_splits: 2340.
num_chunks_enlarged: 1915.
num_inconsistent_stats: 0.

CodeHeap 'non-profiled nmethods': size=120000Kb used=4468Kb max_used=4468Kb free=115531Kb
 bounds [0x00000145df8e0000, 0x00000145dfd40000, 0x00000145e6e10000]
CodeHeap 'profiled nmethods': size=120000Kb used=9969Kb max_used=9969Kb free=110030Kb
 bounds [0x00000145d7e10000, 0x00000145d87d0000, 0x00000145df340000]
CodeHeap 'non-nmethods': size=5760Kb used=1422Kb max_used=1502Kb free=4337Kb
 bounds [0x00000145df340000, 0x00000145df5b0000, 0x00000145df8e0000]
 total_blobs=5642 nmethods=4963 adapters=590
 compilation: enabled
              stopped_count=0, restarted_count=0
 full_count=0

Compilation events (20 events):
Event: 202.922 Thread 0x00000145f323ed40 5641       3       java.util.concurrent.ThreadPoolExecutor$Worker::tryAcquire (20 bytes)
Event: 202.922 Thread 0x00000145f323ed40 nmethod 5641 0x00000145d87c5e10 code [0x00000145d87c5fc0, 0x00000145d87c6208]
Event: 203.187 Thread 0x00000145f323ed40 5642       3       java.util.concurrent.ScheduledThreadPoolExecutor$ScheduledFutureTask::run (57 bytes)
Event: 203.187 Thread 0x00000145f323ed40 nmethod 5642 0x00000145d87c6310 code [0x00000145d87c6520, 0x00000145d87c69b8]
Event: 203.187 Thread 0x00000145f323ed40 5643   !   3       java.util.concurrent.FutureTask::runAndReset (125 bytes)
Event: 203.191 Thread 0x00000145f323ed40 nmethod 5643 0x00000145d87c6b90 code [0x00000145d87c7000, 0x00000145d87c9488]
Event: 203.191 Thread 0x00000145f323ed40 5644       3       java.util.concurrent.ScheduledThreadPoolExecutor$ScheduledFutureTask::setNextRunTime (38 bytes)
Event: 203.191 Thread 0x00000145f323ed40 nmethod 5644 0x00000145d87ca090 code [0x00000145d87ca240, 0x00000145d87ca468]
Event: 203.358 Thread 0x00000145f323ed40 5645       3       java.util.concurrent.ScheduledThreadPoolExecutor$DelayedWorkQueue::siftDown (119 bytes)
Event: 203.358 Thread 0x00000145f323ed40 nmethod 5645 0x00000145d87ca590 code [0x00000145d87ca800, 0x00000145d87cb858]
Event: 203.358 Thread 0x00000145f323ed40 5646       3       java.util.concurrent.ForkJoinPool::managedBlock (36 bytes)
Event: 203.358 Thread 0x00000145f323ed40 nmethod 5646 0x00000145d87cbd90 code [0x00000145d87cbfa0, 0x00000145d87cc778]
Event: 203.358 Thread 0x00000145f323ed40 5647       3       java.util.concurrent.ForkJoinPool::unmanagedBlock (31 bytes)
Event: 203.359 Thread 0x00000145f323ed40 nmethod 5647 0x00000145d87cca10 code [0x00000145d87ccbe0, 0x00000145d87cd068]
Event: 204.353 Thread 0x00000145f323ed40 5648       3       java.util.concurrent.locks.AbstractQueuedSynchronizer$ConditionNode::block (15 bytes)
Event: 204.354 Thread 0x00000145f323ed40 nmethod 5648 0x00000145d87cd210 code [0x00000145d87cd3e0, 0x00000145d87cd808]
Event: 223.644 Thread 0x00000145f323ed40 5649       3       java.lang.Math::min (12 bytes)
Event: 223.644 Thread 0x00000145f323ed40 nmethod 5649 0x00000145d87cd990 code [0x00000145d87cdb20, 0x00000145d87cdc58]
Event: 227.667 Thread 0x00000145f323ed40 5650       3       org.apache.juli.logging.DirectJDKLog::isTraceEnabled (11 bytes)
Event: 227.667 Thread 0x00000145f323ed40 nmethod 5650 0x00000145d87cdd10 code [0x00000145d87cdec0, 0x00000145d87ce178]

GC Heap History (20 events):
Event: 3.292 GC heap before
{Heap before GC invocations=8 (full 0):
 garbage-first heap   total 157696K, used 77678K [0x0000000704a00000, 0x0000000800000000)
  region size 2048K, 33 young (67584K), 2 survivors (4096K)
 Metaspace       used 35549K, committed 35968K, reserved 1114112K
  class space    used 4292K, committed 4544K, reserved 1048576K
}
Event: 3.295 GC heap after
{Heap after GC invocations=9 (full 0):
 garbage-first heap   total 157696K, used 18061K [0x0000000704a00000, 0x0000000800000000)
  region size 2048K, 3 young (6144K), 3 survivors (6144K)
 Metaspace       used 35549K, committed 35968K, reserved 1114112K
  class space    used 4292K, committed 4544K, reserved 1048576K
}
Event: 3.588 GC heap before
{Heap before GC invocations=10 (full 0):
 garbage-first heap   total 75776K, used 61069K [0x0000000704a00000, 0x0000000800000000)
  region size 2048K, 25 young (51200K), 3 survivors (6144K)
 Metaspace       used 39455K, committed 39872K, reserved 1114112K
  class space    used 4909K, committed 5120K, reserved 1048576K
}
Event: 3.591 GC heap after
{Heap after GC invocations=11 (full 0):
 garbage-first heap   total 75776K, used 18711K [0x0000000704a00000, 0x0000000800000000)
  region size 2048K, 3 young (6144K), 3 survivors (6144K)
 Metaspace       used 39455K, committed 39872K, reserved 1114112K
  class space    used 4909K, committed 5120K, reserved 1048576K
}
Event: 3.610 GC heap before
{Heap before GC invocations=11 (full 0):
 garbage-first heap   total 75776K, used 18711K [0x0000000704a00000, 0x0000000800000000)
  region size 2048K, 4 young (8192K), 3 survivors (6144K)
 Metaspace       used 39646K, committed 40064K, reserved 1114112K
  class space    used 4948K, committed 5184K, reserved 1048576K
}
Event: 3.614 GC heap after
{Heap after GC invocations=12 (full 0):
 garbage-first heap   total 75776K, used 18036K [0x0000000704a00000, 0x0000000800000000)
  region size 2048K, 1 young (2048K), 1 survivors (2048K)
 Metaspace       used 39646K, committed 40064K, reserved 1114112K
  class space    used 4948K, committed 5184K, reserved 1048576K
}
Event: 3.835 GC heap before
{Heap before GC invocations=12 (full 0):
 garbage-first heap   total 75776K, used 56948K [0x0000000704a00000, 0x0000000800000000)
  region size 2048K, 20 young (40960K), 1 survivors (2048K)
 Metaspace       used 43129K, committed 43584K, reserved 1114112K
  class space    used 5467K, committed 5696K, reserved 1048576K
}
Event: 3.836 GC heap after
{Heap after GC invocations=13 (full 0):
 garbage-first heap   total 75776K, used 18783K [0x0000000704a00000, 0x0000000800000000)
  region size 2048K, 1 young (2048K), 1 survivors (2048K)
 Metaspace       used 43129K, committed 43584K, reserved 1114112K
  class space    used 5467K, committed 5696K, reserved 1048576K
}
Event: 4.076 GC heap before
{Heap before GC invocations=13 (full 0):
 garbage-first heap   total 75776K, used 57695K [0x0000000704a00000, 0x0000000800000000)
  region size 2048K, 21 young (43008K), 1 survivors (2048K)
 Metaspace       used 47765K, committed 48192K, reserved 1114112K
  class space    used 6151K, committed 6336K, reserved 1048576K
}
Event: 4.079 GC heap after
{Heap after GC invocations=14 (full 0):
 garbage-first heap   total 75776K, used 20042K [0x0000000704a00000, 0x0000000800000000)
  region size 2048K, 2 young (4096K), 2 survivors (4096K)
 Metaspace       used 47765K, committed 48192K, reserved 1114112K
  class space    used 6151K, committed 6336K, reserved 1048576K
}
Event: 4.373 GC heap before
{Heap before GC invocations=14 (full 0):
 garbage-first heap   total 75776K, used 58954K [0x0000000704a00000, 0x0000000800000000)
  region size 2048K, 21 young (43008K), 2 survivors (4096K)
 Metaspace       used 51804K, committed 52224K, reserved 1114112K
  class space    used 6831K, committed 7040K, reserved 1048576K
}
Event: 4.375 GC heap after
{Heap after GC invocations=15 (full 0):
 garbage-first heap   total 75776K, used 19938K [0x0000000704a00000, 0x0000000800000000)
  region size 2048K, 2 young (4096K), 2 survivors (4096K)
 Metaspace       used 51804K, committed 52224K, reserved 1114112K
  class space    used 6831K, committed 7040K, reserved 1048576K
}
Event: 4.654 GC heap before
{Heap before GC invocations=15 (full 0):
 garbage-first heap   total 75776K, used 58850K [0x0000000704a00000, 0x0000000800000000)
  region size 2048K, 21 young (43008K), 2 survivors (4096K)
 Metaspace       used 55590K, committed 56064K, reserved 1114112K
  class space    used 7326K, committed 7552K, reserved 1048576K
}
Event: 4.657 GC heap after
{Heap after GC invocations=16 (full 0):
 garbage-first heap   total 75776K, used 21276K [0x0000000704a00000, 0x0000000800000000)
  region size 2048K, 3 young (6144K), 3 survivors (6144K)
 Metaspace       used 55590K, committed 56064K, reserved 1114112K
  class space    used 7326K, committed 7552K, reserved 1048576K
}
Event: 5.005 GC heap before
{Heap before GC invocations=16 (full 0):
 garbage-first heap   total 75776K, used 58140K [0x0000000704a00000, 0x0000000800000000)
  region size 2048K, 21 young (43008K), 3 survivors (6144K)
 Metaspace       used 58614K, committed 59072K, reserved 1114112K
  class space    used 7767K, committed 7936K, reserved 1048576K
}
Event: 5.009 GC heap after
{Heap after GC invocations=17 (full 0):
 garbage-first heap   total 122880K, used 22510K [0x0000000704a00000, 0x0000000800000000)
  region size 2048K, 2 young (4096K), 2 survivors (4096K)
 Metaspace       used 58614K, committed 59072K, reserved 1114112K
  class space    used 7767K, committed 7936K, reserved 1048576K
}
Event: 5.161 GC heap before
{Heap before GC invocations=17 (full 0):
 garbage-first heap   total 122880K, used 38894K [0x0000000704a00000, 0x0000000800000000)
  region size 2048K, 11 young (22528K), 2 survivors (4096K)
 Metaspace       used 59736K, committed 60160K, reserved 1114112K
  class space    used 7921K, committed 8128K, reserved 1048576K
}
Event: 5.164 GC heap after
{Heap after GC invocations=18 (full 0):
 garbage-first heap   total 122880K, used 23525K [0x0000000704a00000, 0x0000000800000000)
  region size 2048K, 3 young (6144K), 3 survivors (6144K)
 Metaspace       used 59736K, committed 60160K, reserved 1114112K
  class space    used 7921K, committed 8128K, reserved 1048576K
}
Event: 12.824 GC heap before
{Heap before GC invocations=19 (full 0):
 garbage-first heap   total 96256K, used 72677K [0x0000000704a00000, 0x0000000800000000)
  region size 2048K, 28 young (57344K), 3 survivors (6144K)
 Metaspace       used 63937K, committed 64448K, reserved 1114112K
  class space    used 8544K, committed 8768K, reserved 1048576K
}
Event: 12.832 GC heap after
{Heap after GC invocations=20 (full 0):
 garbage-first heap   total 96256K, used 25033K [0x0000000704a00000, 0x0000000800000000)
  region size 2048K, 3 young (6144K), 3 survivors (6144K)
 Metaspace       used 63937K, committed 64448K, reserved 1114112K
  class space    used 8544K, committed 8768K, reserved 1048576K
}

Dll operation events (12 events):
Event: 0.017 Loaded shared library C:\Program Files\Java\zulu17.44.15-ca-jdk17.0.8-win_x64\bin\java.dll
Event: 0.034 Loaded shared library C:\Program Files\Java\zulu17.44.15-ca-jdk17.0.8-win_x64\bin\jsvml.dll
Event: 0.305 Loaded shared library C:\Program Files\Java\zulu17.44.15-ca-jdk17.0.8-win_x64\bin\zip.dll
Event: 0.308 Loaded shared library C:\Program Files\Java\zulu17.44.15-ca-jdk17.0.8-win_x64\bin\instrument.dll
Event: 0.312 Loaded shared library C:\Program Files\Java\zulu17.44.15-ca-jdk17.0.8-win_x64\bin\net.dll
Event: 0.313 Loaded shared library C:\Program Files\Java\zulu17.44.15-ca-jdk17.0.8-win_x64\bin\nio.dll
Event: 0.315 Loaded shared library C:\Program Files\Java\zulu17.44.15-ca-jdk17.0.8-win_x64\bin\zip.dll
Event: 0.404 Loaded shared library C:\Program Files\Java\zulu17.44.15-ca-jdk17.0.8-win_x64\bin\jimage.dll
Event: 0.437 Loaded shared library C:\Program Files\Java\zulu17.44.15-ca-jdk17.0.8-win_x64\bin\verify.dll
Event: 2.789 Loaded shared library C:\Program Files\Java\zulu17.44.15-ca-jdk17.0.8-win_x64\bin\sunmscapi.dll
Event: 2.805 Loaded shared library C:\Program Files\Java\zulu17.44.15-ca-jdk17.0.8-win_x64\bin\management.dll
Event: 2.808 Loaded shared library C:\Program Files\Java\zulu17.44.15-ca-jdk17.0.8-win_x64\bin\management_ext.dll

Deoptimization events (20 events):
Event: 21.518 Thread 0x00000145f95ccdf0 DEOPT PACKING pc=0x00000145dfa73f0c sp=0x00000032fc9fb6f0
Event: 21.518 Thread 0x00000145f95ccdf0 DEOPT UNPACKING pc=0x00000145df39a1a3 sp=0x00000032fc9fb5b8 mode 2
Event: 21.518 Thread 0x00000145f95ccdf0 DEOPT PACKING pc=0x00000145d802d53c sp=0x00000032fc9fc0d0
Event: 21.518 Thread 0x00000145f95ccdf0 DEOPT UNPACKING pc=0x00000145df39ace3 sp=0x00000032fc9fb5c0 mode 1
Event: 21.519 Thread 0x00000145f95ccdf0 DEOPT PACKING pc=0x00000145d802d53c sp=0x00000032fc9fccf0
Event: 21.519 Thread 0x00000145f95ccdf0 DEOPT UNPACKING pc=0x00000145df39ace3 sp=0x00000032fc9fc1c8 mode 1
Event: 21.519 Thread 0x00000145f95ccdf0 DEOPT PACKING pc=0x00000145d82b8a8c sp=0x00000032fc9fcd90
Event: 21.519 Thread 0x00000145f95ccdf0 DEOPT UNPACKING pc=0x00000145df39ace3 sp=0x00000032fc9fc3d8 mode 1
Event: 21.519 Thread 0x00000145f95ccdf0 Uncommon trap: trap_request=0xffffff97 fr.pc=0x00000145dfa73f0c relative=0x000000000000014c
Event: 21.519 Thread 0x00000145f95ccdf0 Uncommon trap: reason=unhandled action=none pc=0x00000145dfa73f0c method=jdk.internal.loader.BuiltinClassLoader.loadClass(Ljava/lang/String;Z)Ljava/lang/Class; @ 19 c2
Event: 21.519 Thread 0x00000145f95ccdf0 DEOPT PACKING pc=0x00000145dfa73f0c sp=0x00000032fc9fb850
Event: 21.519 Thread 0x00000145f95ccdf0 DEOPT UNPACKING pc=0x00000145df39a1a3 sp=0x00000032fc9fb718 mode 2
Event: 21.519 Thread 0x00000145f95ccdf0 DEOPT PACKING pc=0x00000145d802d53c sp=0x00000032fc9fc230
Event: 21.519 Thread 0x00000145f95ccdf0 DEOPT UNPACKING pc=0x00000145df39ace3 sp=0x00000032fc9fb720 mode 1
Event: 21.519 Thread 0x00000145f95ccdf0 DEOPT PACKING pc=0x00000145d802d53c sp=0x00000032fc9fce50
Event: 21.519 Thread 0x00000145f95ccdf0 DEOPT UNPACKING pc=0x00000145df39ace3 sp=0x00000032fc9fc340 mode 1
Event: 244.480 Thread 0x00000145f3b134d0 Uncommon trap: trap_request=0xffffff45 fr.pc=0x00000145df96bf88 relative=0x0000000000000268
Event: 244.480 Thread 0x00000145f3b134d0 Uncommon trap: reason=unstable_if action=reinterpret pc=0x00000145df96bf88 method=sun.instrument.InstrumentationImpl.transform(Ljava/lang/Module;Ljava/lang/ClassLoader;Ljava/lang/String;Ljava/lang/Class;Ljava/security/ProtectionDomain;[BZ)[B @ 24 c2
Event: 244.480 Thread 0x00000145f3b134d0 DEOPT PACKING pc=0x00000145df96bf88 sp=0x00000032fb0fe720
Event: 244.480 Thread 0x00000145f3b134d0 DEOPT UNPACKING pc=0x00000145df39a1a3 sp=0x00000032fb0fe778 mode 2

Classes unloaded (0 events):
No events

Classes redefined (0 events):
No events

Internal exceptions (20 events):
Event: 4.827 Thread 0x00000145cff19910 Exception <a 'java/lang/reflect/InvocationTargetException'{0x0000000707c1c9a0}> (0x0000000707c1c9a0) 
thrown [s\src\hotspot\share\runtime\reflection.cpp, line 1121]
Event: 4.835 Thread 0x00000145cff19910 Exception <a 'java/lang/NoSuchMethodError'{0x0000000707d0d8b8}: 'int java.lang.invoke.DirectMethodHandle$Holder.invokeStatic(java.lang.Object, java.lang.Object, int)'> (0x0000000707d0d8b8) 
thrown [s\src\hotspot\share\interpreter\linkResolver.cpp, line 759]
Event: 4.837 Thread 0x00000145cff19910 Exception <a 'java/lang/NoSuchMethodError'{0x0000000707d3f760}: 'java.lang.Object java.lang.invoke.DirectMethodHandle$Holder.newInvokeSpecial(java.lang.Object, java.lang.Object, int)'> (0x0000000707d3f760) 
thrown [s\src\hotspot\share\interpreter\linkResolver.cpp, line 759]
Event: 4.840 Thread 0x00000145cff19910 Exception <a 'java/lang/NoSuchMethodError'{0x0000000707d8bdc8}: 'java.lang.Object java.lang.invoke.Invokers$Holder.invoke_MT(java.lang.Object, java.lang.Object, java.lang.Object, java.lang.Object, java.lang.Object, java.lang.Object, java.lang.Object, java.lang.Object, java.lang.Object)'> (0x0000000707d8bdc8) 
thrown [s\src\hotspot\share\interpreter\linkResolver.cpp, line 759]
Event: 4.843 Thread 0x00000145cff19910 Exception <a 'java/lang/IncompatibleClassChangeError'{0x0000000707dc73c8}: Found class java.lang.Object, but interface was expected> (0x0000000707dc73c8) 
thrown [s\src\hotspot\share\interpreter\linkResolver.cpp, line 826]
Event: 4.883 Thread 0x00000145cff19910 Exception <a 'java/lang/reflect/InvocationTargetException'{0x000000070764ce80}> (0x000000070764ce80) 
thrown [s\src\hotspot\share\runtime\reflection.cpp, line 1121]
Event: 5.099 Thread 0x00000145cff19910 Exception <a 'java/lang/NoSuchMethodError'{0x000000070bb81d08}: 'void java.lang.invoke.DirectMethodHandle$Holder.invokeVirtual(java.lang.Object, java.lang.Object, long)'> (0x000000070bb81d08) 
thrown [s\src\hotspot\share\interpreter\linkResolver.cpp, line 759]
Event: 5.209 Thread 0x00000145cff19910 Exception <a 'java/lang/IncompatibleClassChangeError'{0x0000000709c57d38}: Found class java.lang.Object, but interface was expected> (0x0000000709c57d38) 
thrown [s\src\hotspot\share\interpreter\linkResolver.cpp, line 826]
Event: 5.233 Thread 0x00000145cff19910 Exception <a 'java/lang/NoSuchMethodError'{0x0000000709b3f0b8}: 'int java.lang.invoke.DirectMethodHandle$Holder.invokeStaticInit(java.lang.Object, java.lang.Object, java.lang.Object, java.lang.Object)'> (0x0000000709b3f0b8) 
thrown [s\src\hotspot\share\interpreter\linkResolver.cpp, line 759]
Event: 5.280 Thread 0x00000145cff19910 Implicit null exception at 0x00000145dfa8cdba to 0x00000145dfa8cff0
Event: 5.318 Thread 0x00000145cff19910 Exception <a 'java/lang/NoSuchMethodError'{0x00000007093fc8f8}: 'java.lang.Object java.lang.invoke.DirectMethodHandle$Holder.newInvokeSpecial(java.lang.Object, java.lang.Object, int, java.lang.Object, java.lang.Object)'> (0x00000007093fc8f8) 
thrown [s\src\hotspot\share\interpreter\linkResolver.cpp, line 759]
Event: 5.319 Thread 0x00000145cff19910 Exception <a 'java/lang/NoSuchMethodError'{0x0000000709008638}: 'java.lang.Object java.lang.invoke.DirectMethodHandle$Holder.invokeSpecial(java.lang.Object, java.lang.Object, int, java.lang.Object, int, java.lang.Object)'> (0x0000000709008638) 
thrown [s\src\hotspot\share\interpreter\linkResolver.cpp, line 759]
Event: 5.319 Thread 0x00000145cff19910 Exception <a 'java/lang/NoSuchMethodError'{0x0000000709010440}: 'java.lang.Object java.lang.invoke.DirectMethodHandle$Holder.newInvokeSpecial(java.lang.Object, java.lang.Object, int, java.lang.Object, int)'> (0x0000000709010440) 
thrown [s\src\hotspot\share\interpreter\linkResolver.cpp, line 759]
Event: 5.319 Thread 0x00000145cff19910 Exception <a 'java/lang/NoSuchMethodError'{0x0000000709014540}: 'java.lang.Object java.lang.invoke.DirectMethodHandle$Holder.invokeSpecial(java.lang.Object, java.lang.Object, java.lang.Object, int, java.lang.Object, int)'> (0x0000000709014540) 
thrown [s\src\hotspot\share\interpreter\linkResolver.cpp, line 759]
Event: 12.694 Thread 0x00000145f95caa80 Exception <a 'java/lang/NoSuchMethodError'{0x000000070874eb88}: 'java.lang.Object java.lang.invoke.DirectMethodHandle$Holder.invokeSpecial(java.lang.Object, java.lang.Object, java.lang.Object, java.lang.Object, java.lang.Object, long)'> (0x000000070874eb88) 
thrown [s\src\hotspot\share\interpreter\linkResolver.cpp, line 759]
Event: 12.694 Thread 0x00000145f95caa80 Exception <a 'java/lang/NoSuchMethodError'{0x0000000708752818}: 'java.lang.Object java.lang.invoke.Invokers$Holder.linkToTargetMethod(java.lang.Object, java.lang.Object, java.lang.Object, long, java.lang.Object)'> (0x0000000708752818) 
thrown [s\src\hotspot\share\interpreter\linkResolver.cpp, line 759]
Event: 12.783 Thread 0x00000145f95caa80 Exception <a 'java/lang/NoSuchMethodError'{0x00000007079e64d8}: 'java.lang.Object java.lang.invoke.DirectMethodHandle$Holder.invokeInterface(java.lang.Object, java.lang.Object, java.lang.Object, java.lang.Object)'> (0x00000007079e64d8) 
thrown [s\src\hotspot\share\interpreter\linkResolver.cpp, line 759]
Event: 19.833 Thread 0x00000145f95cf160 Exception <a 'java/lang/NoSuchMethodError'{0x0000000707fb3220}: 'void java.lang.invoke.DirectMethodHandle$Holder.invokeSpecial(java.lang.Object, java.lang.Object, java.lang.Object, java.lang.Object, java.lang.Object, java.lang.Object, java.lang.Object, java.lang.Object, java.lang.Object)'> (0x0000000707fb3220) 
thrown [s\src\hotspot\share\interpreter\linkResolver.cpp, line 759]
Event: 19.836 Thread 0x00000145f95cf160 Exception <a 'java/lang/NoSuchMethodError'{0x0000000707fe45b0}: 'int java.lang.invoke.DirectMethodHandle$Holder.invokeStatic(java.lang.Object, java.lang.Object, int, int)'> (0x0000000707fe45b0) 
thrown [s\src\hotspot\share\interpreter\linkResolver.cpp, line 759]
Event: 19.879 Thread 0x00000145f95d0ab0 Implicit null exception at 0x00000145dfa393c1 to 0x00000145dfa39827

VM Operations (20 events):
Event: 21.825 Executing VM operation: Cleanup done
Event: 60.211 Executing VM operation: HandshakeAllThreads
Event: 60.211 Executing VM operation: HandshakeAllThreads done
Event: 63.239 Executing VM operation: Cleanup
Event: 63.239 Executing VM operation: Cleanup done
Event: 73.338 Executing VM operation: Cleanup
Event: 73.338 Executing VM operation: Cleanup done
Event: 201.692 Executing VM operation: Cleanup
Event: 201.693 Executing VM operation: Cleanup done
Event: 202.704 Executing VM operation: Cleanup
Event: 202.704 Executing VM operation: Cleanup done
Event: 203.713 Executing VM operation: Cleanup
Event: 203.713 Executing VM operation: Cleanup done
Event: 204.726 Executing VM operation: Cleanup
Event: 204.726 Executing VM operation: Cleanup done
Event: 205.739 Executing VM operation: Cleanup
Event: 205.739 Executing VM operation: Cleanup done
Event: 244.439 Executing VM operation: ChangeBreakpoints
Event: 244.439 Executing VM operation: ChangeBreakpoints done
Event: 244.481 Executing VM operation: RedefineClasses

Events (20 events):
Event: 13.198 loading class java/time/LocalDateEditor
Event: 13.198 loading class java/time/LocalDateEditor done
Event: 18.232 Thread 0x00000145fcde3040 Thread exited: 0x00000145fcde3040
Event: 19.807 Thread 0x00000145fcde2050 Thread exited: 0x00000145fcde2050
Event: 19.813 loading class java/text/ParsePosition
Event: 19.813 loading class java/text/ParsePosition done
Event: 19.813 loading class java/time/format/DateTimeParseContext
Event: 19.813 loading class java/time/format/DateTimeParseContext done
Event: 19.813 loading class java/time/format/Parsed
Event: 19.813 loading class java/time/format/Parsed done
Event: 19.814 loading class sun/text/spi/JavaTimeDateTimePatternProvider
Event: 19.814 loading class sun/text/spi/JavaTimeDateTimePatternProvider done
Event: 19.814 loading class sun/util/locale/provider/JavaTimeDateTimePatternImpl
Event: 19.814 loading class sun/util/locale/provider/JavaTimeDateTimePatternImpl done
Event: 19.815 loading class sun/util/resources/ParallelListResourceBundle
Event: 19.815 loading class sun/util/resources/ParallelListResourceBundle done
Event: 21.496 loading class java/time/format/DateTimeFormatterBuilder$ZoneTextPrinterParser
Event: 21.497 loading class java/time/format/DateTimeFormatterBuilder$ZoneTextPrinterParser done
Event: 21.497 loading class java/time/format/DateTimeFormatterBuilder$ReducedPrinterParser
Event: 21.497 loading class java/time/format/DateTimeFormatterBuilder$ReducedPrinterParser done


Dynamic libraries:
0x00007ff6babd0000 - 0x00007ff6babde000 	C:\Program Files\Java\zulu17.44.15-ca-jdk17.0.8-win_x64\bin\javaw.exe
0x00007ffacca90000 - 0x00007ffaccca7000 	C:\WINDOWS\SYSTEM32\ntdll.dll
0x00007ffacb9b0000 - 0x00007ffacba74000 	C:\WINDOWS\System32\KERNEL32.DLL
0x00007ffaca060000 - 0x00007ffaca406000 	C:\WINDOWS\System32\KERNELBASE.dll
0x00007ffa6b7b0000 - 0x00007ffa6b7f5000 	C:\ProgramData\FastTrack Software\Admin By Request\ShellHelper64.dll
0x00007ffacbfe0000 - 0x00007ffacc0f7000 	C:\WINDOWS\System32\RPCRT4.dll
0x00007ffacc9d0000 - 0x00007ffacca2e000 	C:\WINDOWS\System32\SHLWAPI.dll
0x00007ffabc780000 - 0x00007ffabc78a000 	C:\WINDOWS\SYSTEM32\VERSION.dll
0x00007ffacc480000 - 0x00007ffacc527000 	C:\WINDOWS\System32\msvcrt.dll
0x00007ffacbe30000 - 0x00007ffacbfde000 	C:\WINDOWS\System32\USER32.dll
0x00007ffac9f40000 - 0x00007ffac9f66000 	C:\WINDOWS\System32\win32u.dll
0x00007ffacc450000 - 0x00007ffacc479000 	C:\WINDOWS\System32\GDI32.dll
0x00007ffaca600000 - 0x00007ffaca718000 	C:\WINDOWS\System32\gdi32full.dll
0x00007ffaca560000 - 0x00007ffaca5fa000 	C:\WINDOWS\System32\msvcp_win.dll
0x00007ffaca440000 - 0x00007ffaca551000 	C:\WINDOWS\System32\ucrtbase.dll
0x00007ffacb8f0000 - 0x00007ffacb9a3000 	C:\WINDOWS\System32\ADVAPI32.dll
0x00007ffacac60000 - 0x00007ffacad08000 	C:\WINDOWS\System32\sechost.dll
0x00007ffaca410000 - 0x00007ffaca438000 	C:\WINDOWS\System32\bcrypt.dll
0x00007ffacad10000 - 0x00007ffacb56b000 	C:\WINDOWS\System32\SHELL32.dll
0x00007ffacb5c0000 - 0x00007ffacb760000 	C:\WINDOWS\System32\ole32.dll
0x00007ffacc530000 - 0x00007ffacc8b9000 	C:\WINDOWS\System32\combase.dll
0x00007ffa939f0000 - 0x00007ffa93a0b000 	C:\Program Files\Java\zulu17.44.15-ca-jdk17.0.8-win_x64\bin\VCRUNTIME140.dll
0x00007ffabb980000 - 0x00007ffabb999000 	C:\Program Files\Java\zulu17.44.15-ca-jdk17.0.8-win_x64\bin\jli.dll
0x00007ffaa8eb0000 - 0x00007ffaa9143000 	C:\WINDOWS\WinSxS\amd64_microsoft.windows.common-controls_6595b64144ccf1df_6.0.22621.2506_none_270c5ae97388e100\COMCTL32.dll
0x00007ffacc1e0000 - 0x00007ffacc211000 	C:\WINDOWS\System32\IMM32.DLL
0x00007ffabb580000 - 0x00007ffabb58c000 	C:\Program Files\Java\zulu17.44.15-ca-jdk17.0.8-win_x64\bin\vcruntime140_1.dll
0x00007ffa8cf80000 - 0x00007ffa8d00d000 	C:\Program Files\Java\zulu17.44.15-ca-jdk17.0.8-win_x64\bin\msvcp140.dll
0x00007ffa71aa0000 - 0x00007ffa72708000 	C:\Program Files\Java\zulu17.44.15-ca-jdk17.0.8-win_x64\bin\server\jvm.dll
0x00007ffac8b30000 - 0x00007ffac8b7d000 	C:\WINDOWS\SYSTEM32\POWRPROF.dll
0x00007ffabcc20000 - 0x00007ffabcc54000 	C:\WINDOWS\SYSTEM32\WINMM.dll
0x00007ffaa4a20000 - 0x00007ffaa4a29000 	C:\WINDOWS\SYSTEM32\WSOCK32.dll
0x00007ffacbb30000 - 0x00007ffacbba1000 	C:\WINDOWS\System32\WS2_32.dll
0x00007ffac8b10000 - 0x00007ffac8b23000 	C:\WINDOWS\SYSTEM32\UMPDC.dll
0x00007ffac8dd0000 - 0x00007ffac8de8000 	C:\WINDOWS\SYSTEM32\kernel.appcore.dll
0x00007ffac21b0000 - 0x00007ffac21ba000 	C:\Program Files\Java\zulu17.44.15-ca-jdk17.0.8-win_x64\bin\jimage.dll
0x00007ffac7410000 - 0x00007ffac7643000 	C:\WINDOWS\SYSTEM32\DBGHELP.DLL
0x00007ffacc100000 - 0x00007ffacc1d7000 	C:\WINDOWS\System32\OLEAUT32.dll
0x00007ffaba300000 - 0x00007ffaba332000 	C:\WINDOWS\SYSTEM32\dbgcore.DLL
0x00007ffac9fe0000 - 0x00007ffaca05a000 	C:\WINDOWS\System32\bcryptPrimitives.dll
0x00007ffaac010000 - 0x00007ffaac04b000 	C:\Program Files\Java\zulu17.44.15-ca-jdk17.0.8-win_x64\bin\jdwp.dll
0x00007ffac20d0000 - 0x00007ffac20de000 	C:\Program Files\Java\zulu17.44.15-ca-jdk17.0.8-win_x64\bin\instrument.dll
0x00007ffab19a0000 - 0x00007ffab19c5000 	C:\Program Files\Java\zulu17.44.15-ca-jdk17.0.8-win_x64\bin\java.dll
0x00007ffa8c850000 - 0x00007ffa8c927000 	C:\Program Files\Java\zulu17.44.15-ca-jdk17.0.8-win_x64\bin\jsvml.dll
0x00007ffac7a20000 - 0x00007ffac8316000 	C:\WINDOWS\SYSTEM32\windows.storage.dll
0x00007ffac78e0000 - 0x00007ffac7a1e000 	C:\WINDOWS\SYSTEM32\wintypes.dll
0x00007ffacc8c0000 - 0x00007ffacc9b3000 	C:\WINDOWS\System32\SHCORE.dll
0x00007ffac9d00000 - 0x00007ffac9d26000 	C:\WINDOWS\SYSTEM32\profapi.dll
0x00007ffac2100000 - 0x00007ffac210c000 	C:\Program Files\Java\zulu17.44.15-ca-jdk17.0.8-win_x64\bin\dt_socket.dll
0x00007ffac8570000 - 0x00007ffac859d000 	C:\WINDOWS\SYSTEM32\IPHLPAPI.DLL
0x00007ffac9380000 - 0x00007ffac93e9000 	C:\WINDOWS\system32\mswsock.dll
0x00007ffac85a0000 - 0x00007ffac8699000 	C:\WINDOWS\SYSTEM32\DNSAPI.dll
0x00007ffacc9c0000 - 0x00007ffacc9c9000 	C:\WINDOWS\System32\NSI.dll
0x00007ffab7fe0000 - 0x00007ffab7fea000 	C:\Windows\System32\rasadhlp.dll
0x00007ffab8230000 - 0x00007ffab82b3000 	C:\WINDOWS\System32\fwpuclnt.dll
0x00007ffab1ad0000 - 0x00007ffab1ae8000 	C:\Program Files\Java\zulu17.44.15-ca-jdk17.0.8-win_x64\bin\zip.dll
0x00007ffaad960000 - 0x00007ffaad979000 	C:\Program Files\Java\zulu17.44.15-ca-jdk17.0.8-win_x64\bin\net.dll
0x00007ffac8df0000 - 0x00007ffac8f27000 	C:\WINDOWS\SYSTEM32\WINHTTP.dll
0x00007ffaad920000 - 0x00007ffaad936000 	C:\Program Files\Java\zulu17.44.15-ca-jdk17.0.8-win_x64\bin\nio.dll
0x00007ffac20c0000 - 0x00007ffac20d0000 	C:\Program Files\Java\zulu17.44.15-ca-jdk17.0.8-win_x64\bin\verify.dll
0x00007ffac9620000 - 0x00007ffac963b000 	C:\WINDOWS\SYSTEM32\CRYPTSP.dll
0x00007ffac8d30000 - 0x00007ffac8d65000 	C:\WINDOWS\system32\rsaenh.dll
0x00007ffac9420000 - 0x00007ffac944c000 	C:\WINDOWS\SYSTEM32\USERENV.dll
0x00007ffac9600000 - 0x00007ffac960c000 	C:\WINDOWS\SYSTEM32\CRYPTBASE.dll
0x00007ffac02e0000 - 0x00007ffac02f9000 	C:\WINDOWS\SYSTEM32\dhcpcsvc6.DLL
0x00007ffac0180000 - 0x00007ffac019f000 	C:\WINDOWS\SYSTEM32\dhcpcsvc.DLL
0x00007ffabb970000 - 0x00007ffabb97e000 	C:\Program Files\Java\zulu17.44.15-ca-jdk17.0.8-win_x64\bin\sunmscapi.dll
0x00007ffac9dd0000 - 0x00007ffac9f36000 	C:\WINDOWS\System32\CRYPT32.dll
0x00007ffac9710000 - 0x00007ffac973e000 	C:\WINDOWS\SYSTEM32\ncrypt.dll
0x00007ffac96d0000 - 0x00007ffac9707000 	C:\WINDOWS\SYSTEM32\NTASN1.dll
0x00007ffaba540000 - 0x00007ffaba549000 	C:\Program Files\Java\zulu17.44.15-ca-jdk17.0.8-win_x64\bin\management.dll
0x00007ffab1220000 - 0x00007ffab122b000 	C:\Program Files\Java\zulu17.44.15-ca-jdk17.0.8-win_x64\bin\management_ext.dll
0x00007ffacc280000 - 0x00007ffacc288000 	C:\WINDOWS\System32\PSAPI.DLL
0x00007ffa7f8e0000 - 0x00007ffa7f8e8000 	C:\WINDOWS\system32\wshunix.dll

dbghelp: loaded successfully - version: 4.0.5 - missing functions: none
symbol engine: initialized successfully - sym options: 0x614 - pdb path: .;C:\Program Files\Java\zulu17.44.15-ca-jdk17.0.8-win_x64\bin;C:\WINDOWS\SYSTEM32;C:\ProgramData\FastTrack Software\Admin By Request;C:\WINDOWS\WinSxS\amd64_microsoft.windows.common-controls_6595b64144ccf1df_6.0.22621.2506_none_270c5ae97388e100;C:\Program Files\Java\zulu17.44.15-ca-jdk17.0.8-win_x64\bin\server

VM Arguments:
jvm_args: -XX:+ShowCodeDetailsInExceptionMessages -agentlib:jdwp=transport=dt_socket,suspend=y,address=localhost:63630 -javaagent:C:\Users\a879950\eclipse\jee-2023-06\eclipse\configuration\org.eclipse.osgi\430\0\.cp\lib\javaagent-shaded.jar -Dfile.encoding=UTF-8 
java_command: net.atos.acelera.todo.SpringBootTodoListApplication
java_class_path (initial): C:\Cursos\acelera\Todo\target\classes;C:\Users\a879950\.m2\repository\org\springframework\boot\spring-boot-starter-thymeleaf\3.1.2\spring-boot-starter-thymeleaf-3.1.2.jar;C:\Users\a879950\.m2\repository\org\springframework\boot\spring-boot-starter\3.1.2\spring-boot-starter-3.1.2.jar;C:\Users\a879950\.m2\repository\org\springframework\boot\spring-boot\3.1.2\spring-boot-3.1.2.jar;C:\Users\a879950\.m2\repository\org\springframework\boot\spring-boot-autoconfigure\3.1.2\spring-boot-autoconfigure-3.1.2.jar;C:\Users\a879950\.m2\repository\org\springframework\boot\spring-boot-starter-logging\3.1.2\spring-boot-starter-logging-3.1.2.jar;C:\Users\a879950\.m2\repository\ch\qos\logback\logback-classic\1.4.8\logback-classic-1.4.8.jar;C:\Users\a879950\.m2\repository\ch\qos\logback\logback-core\1.4.8\logback-core-1.4.8.jar;C:\Users\a879950\.m2\repository\org\apache\logging\log4j\log4j-to-slf4j\2.20.0\log4j-to-slf4j-2.20.0.jar;C:\Users\a879950\.m2\repository\org\apache\logging\log4j\log4j-api\2.20.0\log4j-api-2.20.0.jar;C:\Users\a879950\.m2\repository\org\slf4j\jul-to-slf4j\2.0.7\jul-to-slf4j-2.0.7.jar;C:\Users\a879950\.m2\repository\jakarta\annotation\jakarta.annotation-api\2.1.1\jakarta.annotation-api-2.1.1.jar;C:\Users\a879950\.m2\repository\org\yaml\snakeyaml\1.33\snakeyaml-1.33.jar;C:\Users\a879950\.m2\repository\org\thymeleaf\thymeleaf-spring6\3.1.1.RELEASE\thymeleaf-spring6-3.1.1.RELEASE.jar;C:\Users\a879950\.m2\repository\org\thymeleaf\thymeleaf\3.1.1.RELEASE\thymeleaf-3.1.1.RELEASE.jar;C:\Users\a879950\.m2\repository\org\attoparser\attoparser\2.0.6.RELEASE\attoparser-2.0.6.RELEASE.jar;C:\Users\a879950\.m2\repository\org\unbescape\unbescape\1.1.6.RELEASE\unbescape-1.1.6.RELEASE.jar;C:\Users\a879950\.m2\repository\org\slf4j\slf4j-api\2.0.7\slf4j-api-2.0.7.jar;C:\Users\a879950\.m2\repository\org\springframework\boot\spring-boot-starter-web\3.1.2\spring-boot-starter-web-3.1.2.jar;C:\Users\a879950\.m2\repository\org\springframework\boot\spring-boot-s
Launcher Type: SUN_STANDARD

[Global flags]
     intx CICompilerCount                          = 4                                         {product} {ergonomic}
     uint ConcGCThreads                            = 2                                         {product} {ergonomic}
     uint G1ConcRefinementThreads                  = 8                                         {product} {ergonomic}
   size_t G1HeapRegionSize                         = 2097152                                   {product} {ergonomic}
    uintx GCDrainStackTargetSize                   = 64                                        {product} {ergonomic}
   size_t InitialHeapSize                          = 264241152                                 {product} {ergonomic}
   size_t MarkStackSize                            = 4194304                                   {product} {ergonomic}
   size_t MaxHeapSize                              = 4217372672                                {product} {ergonomic}
   size_t MaxNewSize                               = 2529165312                                {product} {ergonomic}
   size_t MinHeapDeltaBytes                        = 2097152                                   {product} {ergonomic}
   size_t MinHeapSize                              = 8388608                                   {product} {ergonomic}
    uintx NonNMethodCodeHeapSize                   = 5839372                                {pd product} {ergonomic}
    uintx NonProfiledCodeHeapSize                  = 122909434                              {pd product} {ergonomic}
    uintx ProfiledCodeHeapSize                     = 122909434                              {pd product} {ergonomic}
    uintx ReservedCodeCacheSize                    = 251658240                              {pd product} {ergonomic}
     bool SegmentedCodeCache                       = true                                      {product} {ergonomic}
     bool ShowCodeDetailsInExceptionMessages       = true                                   {manageable} {command line}
   size_t SoftMaxHeapSize                          = 4217372672                             {manageable} {ergonomic}
     bool UseCompressedClassPointers               = true                           {product lp64_product} {ergonomic}
     bool UseCompressedOops                        = true                           {product lp64_product} {ergonomic}
     bool UseG1GC                                  = true                                      {product} {ergonomic}
     bool UseLargePagesIndividualAllocation        = false                                  {pd product} {ergonomic}

Logging:
Log output configuration:
 #0: stdout all=warning uptime,level,tags
 #1: stderr all=off uptime,level,tags

Environment Variables:
JAVA_HOME=C:\Program Files\Java\zulu17.44.15-ca-jdk17.0.8-win_x64
PATH=C:/Program Files/Java/zulu17.44.15-ca-jdk17.0.8-win_x64/bin/server;C:/Program Files/Java/zulu17.44.15-ca-jdk17.0.8-win_x64/bin;C:\Program Files\Java\zulu17.44.15-ca-jdk17.0.8-win_x64\bin;C:\WINDOWS\system32;C:\WINDOWS;C:\WINDOWS\System32\Wbem;C:\WINDOWS\System32\WindowsPowerShell\v1.0\;C:\WINDOWS\System32\OpenSSH\;C:\Program Files (x86)\Common Files\Pulse Secure\VC142.CRT\X64\;C:\Program Files (x86)\Common Files\Pulse Secure\VC142.CRT\X86\;C:\Program Files (x86)\Pulse Secure\VC142.CRT\X64\;C:\Program Files (x86)\Pulse Secure\VC142.CRT\X86\;C:\Program Files (x86)\Common Files\Pulse Secure\TNC Client Plugin\;C:\Program Files\Docker\Docker\resources\bin;C:\Program Files\nodejs\;C:\apache-maven-3.9.6\bin;C:\Users\a879950\AppData\Local\Microsoft\WindowsApps;C:\Users\a879950\AppData\Local\Programs\Git\cmd;;C:\Users\a879950\AppData\Local\Programs\Microsoft VS Code\bin;C:\Users\a879950\AppData\Roaming\npm;C:\WINDOWS\system32;
USERNAME=a879950
OS=Windows_NT
PROCESSOR_IDENTIFIER=Intel64 Family 6 Model 140 Stepping 1, GenuineIntel
TMP=C:\Users\a879950\AppData\Local\Temp
TEMP=C:\Users\a879950\AppData\Local\Temp



---------------  S Y S T E M  ---------------

OS:
 Windows 11 , 64 bit Build 22621 (10.0.22621.3085)
OS uptime: 0 days 6:21 hours
Hyper-V role detected

CPU: total 8 (initial active 8) (4 cores per cpu, 2 threads per core) family 6 model 140 stepping 1 microcode 0x86, cx8, cmov, fxsr, ht, mmx, 3dnowpref, sse, sse2, sse3, ssse3, sse4.1, sse4.2, popcnt, lzcnt, tsc, tscinvbit, avx, avx2, aes, erms, clmul, bmi1, bmi2, adx, avx512f, avx512dq, avx512cd, avx512bw, avx512vl, sha, fma, vzeroupper, avx512_vpopcntdq, avx512_vpclmulqdq, avx512_vaes, avx512_vnni, clflush, clflushopt, clwb, avx512_vbmi2, avx512_vbmi, hv
Processor Information for all 8 processors :
  Max Mhz: 2419, Current Mhz: 2419, Mhz Limit: 2419

Memory: 4k page, system-wide physical 16082M (3452M free)
TotalPageFile size 20434M (AvailPageFile size 3319M)
current process WorkingSet (physical memory assigned to process): 259M, peak: 347M
current process commit charge ("private bytes"): 297M, peak: 451M

vm_info: OpenJDK 64-Bit Server VM (17.0.8+7-LTS) for windows-amd64 JRE (17.0.8+7-LTS) (Zulu17.44+15-CA), built on Jul  5 2023 07:56:11 by "zulu_re" with MS VC++ 16.10 / 16.11 (VS2019)

END.
